sample/app/build/outputs/logs/manifest-merger-debug-report.txt
-- Merging decision tree log ---
manifest
ADDED from src/main/AndroidManifest.xml:2:1-124:12
	package
		ADDED from src/main/AndroidManifest.xml:3:5-36
		INJECTED from src/main/AndroidManifest.xml
		INJECTED from src/main/AndroidManifest.xml
	android:versionName
		INJECTED from src/main/AndroidManifest.xml
		INJECTED from src/main/AndroidManifest.xml
	xmlns:android
		ADDED from src/main/AndroidManifest.xml:2:11-69
	android:versionCode
		INJECTED from src/main/AndroidManifest.xml
		INJECTED from src/main/AndroidManifest.xml
uses-permission#android.permission.RECEIVE_BOOT_COMPLETED
ADDED from src/main/AndroidManifest.xml:5:5-81
	android:name
		ADDED from src/main/AndroidManifest.xml:5:22-78
uses-permission#android.permission.BATTERY_STATS
ADDED from src/main/AndroidManifest.xml:6:5-72
	android:name
		ADDED from src/main/AndroidManifest.xml:6:22-69
uses-permission#android.permission.READ_SMS
ADDED from src/main/AndroidManifest.xml:8:5-67
	android:name
		ADDED from src/main/AndroidManifest.xml:8:22-64
uses-permission#android.permission.RECEIVE_SMS
ADDED from src/main/AndroidManifest.xml:10:5-70
	android:name
		ADDED from src/main/AndroidManifest.xml:10:22-67
uses-permission#android.permission.READ_CONTACTS
ADDED from src/main/AndroidManifest.xml:12:5-71
	android:name
		ADDED from src/main/AndroidManifest.xml:12:22-69
supports-screens
ADDED from src/main/AndroidManifest.xml:15:5-20:39
	android:largeScreens
		ADDED from src/main/AndroidManifest.xml:17:9-36
	android:smallScreens
		ADDED from src/main/AndroidManifest.xml:20:9-36
	android:normalScreens
		ADDED from src/main/AndroidManifest.xml:18:9-37
	android:resizeable
		ADDED from src/main/AndroidManifest.xml:19:9-34
	android:anyDensity
		ADDED from src/main/AndroidManifest.xml:16:9-34
application
ADDED from src/main/AndroidManifest.xml:22:5-122:19
MERGED from [sample:client-common:unspecified] AndroidManifest.xml:36:5-49:19
MERGED from [com.android.support:support-v4:22.2.1] AndroidManifest.xml:22:5-20
MERGED from [com.android.support:appcompat-v7:22.2.1] AndroidManifest.xml:22:5-20
MERGED from [com.android.support:support-v4:22.2.1] AndroidManifest.xml:22:5-20
MERGED from [com.android.support:support-v4:22.2.1] AndroidManifest.xml:22:5-20
MERGED from [com.android.support:percent:22.2.0] AndroidManifest.xml:22:5-20
MERGED from [com.android.support:support-v4:22.2.1] AndroidManifest.xml:22:5-20
	android:label
		ADDED from src/main/AndroidManifest.xml:25:9-41
	android:supportsRtl
		ADDED from src/main/AndroidManifest.xml:26:9-35
	android:allowBackup
		ADDED from src/main/AndroidManifest.xml:23:9-35
	android:icon
		ADDED from src/main/AndroidManifest.xml:24:9-39
	android:theme
		ADDED from src/main/AndroidManifest.xml:27:9-40
	android:name
		ADDED from [sample:client-common:unspecified] AndroidManifest.xml:37:9-77
meta-data#isDebug
ADDED from src/main/AndroidManifest.xml:28:9-30:36
	android:value
		ADDED from src/main/AndroidManifest.xml:30:13-33
	android:name
		ADDED from src/main/AndroidManifest.xml:29:13-35
meta-data#com.baidu.lbsapi.API_KEY
ADDED from src/main/AndroidManifest.xml:31:9-33:56
	android:value
		ADDED from src/main/AndroidManifest.xml:33:13-53
	android:name
		ADDED from src/main/AndroidManifest.xml:32:13-52
activity#com.daking.app.sample.MainActivity
ADDED from src/main/AndroidManifest.xml:35:9-39:47
	android:clearTaskOnLaunch
		ADDED from src/main/AndroidManifest.xml:37:13-45
	android:label
		ADDED from src/main/AndroidManifest.xml:38:13-50
	android:launchMode
		ADDED from src/main/AndroidManifest.xml:39:13-44
	android:name
		ADDED from src/main/AndroidManifest.xml:36:13-41
activity#com.daking.app.sample.LauncherActivity
ADDED from src/main/AndroidManifest.xml:40:9-46:20
	android:name
		ADDED from src/main/AndroidManifest.xml:40:19-51
intent-filter#android.intent.action.MAIN+android.intent.category.LAUNCHER
ADDED from src/main/AndroidManifest.xml:41:13-45:29
action#android.intent.action.MAIN
ADDED from src/main/AndroidManifest.xml:42:17-69
	android:name
		ADDED from src/main/AndroidManifest.xml:42:25-66
category#android.intent.category.LAUNCHER
ADDED from src/main/AndroidManifest.xml:44:17-77
	android:name
		ADDED from src/main/AndroidManifest.xml:44:27-74
activity#com.daking.app.sample.view.baidu.BDLocationActivity
ADDED from src/main/AndroidManifest.xml:47:9-67
	android:name
		ADDED from src/main/AndroidManifest.xml:47:19-64
activity#com.daking.app.sample.view.scrollview.RelationScrollViewActivity
ADDED from src/main/AndroidManifest.xml:48:9-80
	android:name
		ADDED from src/main/AndroidManifest.xml:48:19-77
activity#com.daking.app.sample.view.listview.RelationListViewActivity
ADDED from src/main/AndroidManifest.xml:49:9-76
	android:name
		ADDED from src/main/AndroidManifest.xml:49:19-73
activity#com.daking.app.sample.view.photo.CameraActivity
ADDED from src/main/AndroidManifest.xml:50:9-63
	android:name
		ADDED from src/main/AndroidManifest.xml:50:19-60
activity#com.daking.app.sample.view.photo.ImageStoreActivity
ADDED from src/main/AndroidManifest.xml:51:9-67
	android:name
		ADDED from src/main/AndroidManifest.xml:51:19-64
activity#com.daking.app.sample.view.photo.GalleryActivity
ADDED from src/main/AndroidManifest.xml:52:9-64
	android:name
		ADDED from src/main/AndroidManifest.xml:52:19-61
activity#com.daking.app.sample.view.data.SharedPreferencesActivity
ADDED from src/main/AndroidManifest.xml:53:9-73
	android:name
		ADDED from src/main/AndroidManifest.xml:53:19-70
activity#com.daking.app.sample.view.listview.RefreshSwipeListView
ADDED from src/main/AndroidManifest.xml:54:9-72
	android:name
		ADDED from src/main/AndroidManifest.xml:54:19-69
activity#com.daking.app.sample.view.viewpager.tabmenu.TabMenuActivity
ADDED from src/main/AndroidManifest.xml:55:9-76
	android:name
		ADDED from src/main/AndroidManifest.xml:55:19-73
activity#com.daking.app.sample.view.service.ServiceLifeActivity
ADDED from src/main/AndroidManifest.xml:56:9-70
	android:name
		ADDED from src/main/AndroidManifest.xml:56:19-67
activity#com.daking.app.sample.view.alert.AlertActivity
ADDED from src/main/AndroidManifest.xml:57:9-62
	android:name
		ADDED from src/main/AndroidManifest.xml:57:19-59
activity#com.daking.app.sample.view.service.ServiceTestActivity
ADDED from src/main/AndroidManifest.xml:58:9-70
	android:name
		ADDED from src/main/AndroidManifest.xml:58:19-67
service#com.daking.app.sample.view.service.LifeService
ADDED from src/main/AndroidManifest.xml:60:9-63:39
	android:enabled
		ADDED from src/main/AndroidManifest.xml:62:13-35
	android:exported
		ADDED from src/main/AndroidManifest.xml:63:13-36
	android:name
		ADDED from src/main/AndroidManifest.xml:61:13-53
service#com.daking.app.sample.view.service.TestIntentService
ADDED from src/main/AndroidManifest.xml:64:9-71:19
	android:enabled
		ADDED from src/main/AndroidManifest.xml:66:13-35
	android:exported
		ADDED from src/main/AndroidManifest.xml:67:13-37
	android:name
		ADDED from src/main/AndroidManifest.xml:65:13-59
intent-filter#com.daking.app.sample.view.service.TestIntentService
ADDED from src/main/AndroidManifest.xml:68:13-70:29
action#com.daking.app.sample.view.service.TestIntentService
ADDED from src/main/AndroidManifest.xml:69:17-95
	android:name
		ADDED from src/main/AndroidManifest.xml:69:25-92
service#com.daking.app.sample.view.service.FgService
ADDED from src/main/AndroidManifest.xml:72:9-74:38
	android:enabled
		ADDED from src/main/AndroidManifest.xml:74:13-35
	android:name
		ADDED from src/main/AndroidManifest.xml:73:13-51
service#com.daking.app.sample.view.service.BgService
ADDED from src/main/AndroidManifest.xml:75:9-79:19
	android:enabled
		ADDED from src/main/AndroidManifest.xml:77:13-35
	android:exported
		ADDED from src/main/AndroidManifest.xml:78:13-36
	android:name
		ADDED from src/main/AndroidManifest.xml:76:13-51
receiver#com.daking.app.sample.view.service.AlarmReceiver
ADDED from src/main/AndroidManifest.xml:81:9-85:20
	android:enabled
		ADDED from src/main/AndroidManifest.xml:83:13-35
	android:exported
		ADDED from src/main/AndroidManifest.xml:84:13-36
	android:name
		ADDED from src/main/AndroidManifest.xml:82:13-55
receiver#com.daking.app.sample.mgr.broadcast.SystemReceiver
ADDED from src/main/AndroidManifest.xml:86:9-99:20
	android:enabled
		ADDED from src/main/AndroidManifest.xml:88:13-35
	android:exported
		ADDED from src/main/AndroidManifest.xml:89:13-36
	android:name
		ADDED from src/main/AndroidManifest.xml:87:13-57
intent-filter#android.intent.action.BOOT_COMPLETED
ADDED from src/main/AndroidManifest.xml:90:13-92:29
action#android.intent.action.BOOT_COMPLETED
ADDED from src/main/AndroidManifest.xml:91:17-79
	android:name
		ADDED from src/main/AndroidManifest.xml:91:25-76
intent-filter#ANDROID.INTENT.ACTION.BATTERY_CHANGED
ADDED from src/main/AndroidManifest.xml:93:13-95:29
action#ANDROID.INTENT.ACTION.BATTERY_CHANGED
ADDED from src/main/AndroidManifest.xml:94:17-80
	android:name
		ADDED from src/main/AndroidManifest.xml:94:25-77
intent-filter#ANDROID.INTENT.ACTION.AIRPLANE_MODE
ADDED from src/main/AndroidManifest.xml:96:13-98:29
action#ANDROID.INTENT.ACTION.AIRPLANE_MODE
ADDED from src/main/AndroidManifest.xml:97:17-78
	android:name
		ADDED from src/main/AndroidManifest.xml:97:25-75
activity#com.daking.app.sample.view.broadcast.BroadcastTestActivity
ADDED from src/main/AndroidManifest.xml:101:9-102:20
	android:name
		ADDED from src/main/AndroidManifest.xml:101:19-71
activity#com.daking.app.sample.view.debug.LogActivity
ADDED from src/main/AndroidManifest.xml:103:9-104:20
	android:name
		ADDED from src/main/AndroidManifest.xml:103:19-57
activity#com.daking.app.sample.view.data.ContentProviderActivity
ADDED from src/main/AndroidManifest.xml:105:9-106:20
	android:name
		ADDED from src/main/AndroidManifest.xml:105:19-68
activity#com.daking.app.sample.view.data.SQLiteActivity
ADDED from src/main/AndroidManifest.xml:107:9-61
	android:name
		ADDED from src/main/AndroidManifest.xml:107:19-59
receiver#com.daking.app.sample.view.broadcast.SmsReceiver
ADDED from src/main/AndroidManifest.xml:109:9-116:20
	android:enabled
		ADDED from src/main/AndroidManifest.xml:111:13-35
	android:exported
		ADDED from src/main/AndroidManifest.xml:112:13-36
	android:name
		ADDED from src/main/AndroidManifest.xml:110:13-55
intent-filter#android.provider.Telephony.SMS_RECEIVED
ADDED from src/main/AndroidManifest.xml:113:13-115:29
	android:priority
		ADDED from src/main/AndroidManifest.xml:113:28-50
action#android.provider.Telephony.SMS_RECEIVED
ADDED from src/main/AndroidManifest.xml:114:17-81
	android:name
		ADDED from src/main/AndroidManifest.xml:114:25-79
service#com.daking.app.sample.view.service.ProcessService
ADDED from src/main/AndroidManifest.xml:118:9-121:48
	android:enabled
		ADDED from src/main/AndroidManifest.xml:119:13-35
	android:process
		ADDED from src/main/AndroidManifest.xml:121:13-46
	android:exported
		ADDED from src/main/AndroidManifest.xml:120:13-36
	android:name
		ADDED from src/main/AndroidManifest.xml:118:18-61
uses-sdk
INJECTED from src/main/AndroidManifest.xml reason: use-sdk injection requested
MERGED from [sample:client-common:unspecified] AndroidManifest.xml:7:5-9:41
MERGED from [com.android.support:support-v4:22.2.1] AndroidManifest.xml:20:5-43
MERGED from [com.android.support:appcompat-v7:22.2.1] AndroidManifest.xml:20:5-43
MERGED from [com.android.support:support-v4:22.2.1] AndroidManifest.xml:20:5-43
MERGED from [com.android.support:recyclerview-v7:22.2.1] AndroidManifest.xml:20:5-43
MERGED from [com.android.support:support-v4:22.2.1] AndroidManifest.xml:20:5-43
MERGED from [com.android.support:percent:22.2.0] AndroidManifest.xml:20:5-43
MERGED from [com.android.support:support-v4:22.2.1] AndroidManifest.xml:20:5-43
MERGED from [com.squareup.leakcanary:leakcanary-android-no-op:1.3.1] AndroidManifest.xml:20:5-22:41
	android:targetSdkVersion
		INJECTED from src/main/AndroidManifest.xml
		INJECTED from src/main/AndroidManifest.xml
	android:minSdkVersion
		INJECTED from src/main/AndroidManifest.xml
		INJECTED from src/main/AndroidManifest.xml
uses-permission#android.permission.ACCESS_COARSE_LOCATION
ADDED from [sample:client-common:unspecified] AndroidManifest.xml:12:5-81
	android:name
		ADDED from [sample:client-common:unspecified] AndroidManifest.xml:12:22-78
uses-permission#android.permission.ACCESS_FINE_LOCATION
ADDED from [sample:client-common:unspecified] AndroidManifest.xml:14:5-79
	android:name
		ADDED from [sample:client-common:unspecified] AndroidManifest.xml:14:22-76
uses-permission#android.permission.ACCESS_WIFI_STATE
ADDED from [sample:client-common:unspecified] AndroidManifest.xml:16:5-76
	android:name
		ADDED from [sample:client-common:unspecified] AndroidManifest.xml:16:22-73
uses-permission#android.permission.ACCESS_NETWORK_STATE
ADDED from [sample:client-common:unspecified] AndroidManifest.xml:18:5-79
	android:name
		ADDED from [sample:client-common:unspecified] AndroidManifest.xml:18:22-76
uses-permission#android.permission.CHANGE_WIFI_STATE
ADDED from [sample:client-common:unspecified] AndroidManifest.xml:20:5-76
	android:name
		ADDED from [sample:client-common:unspecified] AndroidManifest.xml:20:22-73
uses-permission#android.permission.READ_PHONE_STATE
ADDED from [sample:client-common:unspecified] AndroidManifest.xml:22:5-75
	android:name
		ADDED from [sample:client-common:unspecified] AndroidManifest.xml:22:22-72
uses-permission#android.permission.WRITE_EXTERNAL_STORAGE
ADDED from [sample:client-common:unspecified] AndroidManifest.xml:24:5-81
	android:name
		ADDED from [sample:client-common:unspecified] AndroidManifest.xml:24:22-78
uses-permission#android.permission.INTERNET
ADDED from [sample:client-common:unspecified] AndroidManifest.xml:26:5-67
	android:name
		ADDED from [sample:client-common:unspecified] AndroidManifest.xml:26:22-64
uses-permission#android.permission.MOUNT_UNMOUNT_FILESYSTEMS
ADDED from [sample:client-common:unspecified] AndroidManifest.xml:28:5-84
	android:name
		ADDED from [sample:client-common:unspecified] AndroidManifest.xml:28:22-81
uses-permission#android.permission.READ_LOGS
ADDED from [sample:client-common:unspecified] AndroidManifest.xml:29:5-68
	android:name
		ADDED from [sample:client-common:unspecified] AndroidManifest.xml:29:22-65
uses-permission#android.permission.VIBRATE
ADDED from [sample:client-common:unspecified] AndroidManifest.xml:30:5-66
	android:name
		ADDED from [sample:client-common:unspecified] AndroidManifest.xml:30:22-63
uses-permission#android.permission.WAKE_LOCK
ADDED from [sample:client-common:unspecified] AndroidManifest.xml:31:5-68
	android:name
		ADDED from [sample:client-common:unspecified] AndroidManifest.xml:31:22-65
uses-permission#android.permission.WRITE_SETTINGS
ADDED from [sample:client-common:unspecified] AndroidManifest.xml:32:5-73
	android:name
		ADDED from [sample:client-common:unspecified] AndroidManifest.xml:32:22-70
uses-permission#com.android.launcher.permission.READ_SETTINGS
ADDED from [sample:client-common:unspecified] AndroidManifest.xml:33:5-85
	android:name
		ADDED from [sample:client-common:unspecified] AndroidManifest.xml:33:22-82
uses-permission#android.permission.GET_TASKS
ADDED from [sample:client-common:unspecified] AndroidManifest.xml:34:5-68
	android:name
		ADDED from [sample:client-common:unspecified] AndroidManifest.xml:34:22-65
service#com.baidu.location.f
ADDED from [sample:client-common:unspecified] AndroidManifest.xml:40:9-48:19
	android:enabled
		ADDED from [sample:client-common:unspecified] AndroidManifest.xml:42:13-35
	android:process
		ADDED from [sample:client-common:unspecified] AndroidManifest.xml:43:13-38
	android:name
		ADDED from [sample:client-common:unspecified] AndroidManifest.xml:41:13-48
intent-filter#com.baidu.location.service_v2.2
ADDED from [sample:client-common:unspecified] AndroidManifest.xml:44:13-47:29
action#com.baidu.location.service_v2.2
ADDED from [sample:client-common:unspecified] AndroidManifest.xml:45:17-46:26
	android:name
		ADDED from [sample:client-common:unspecified] AndroidManifest.xml:45:25-71
android:uses-permission#android.permission.READ_EXTERNAL_STORAGE
IMPLIED from src/main/AndroidManifest.xml:2:1-124:12 reason: com.daking.app.client_common requested WRITE_EXTERNAL_STORAGE